  p1.h
  5.h
  4.h
c:\users\root\source\repos\test-project-c-\class2\class2\4.h(6): warning C4996: 'scanf': This function or variable may be unsafe. Consider using scanf_s instead. To disable deprecation, use _CRT_SECURE_NO_WARNINGS. See online help for details.
  c:\program files (x86)\windows kits\10\include\10.0.10240.0\ucrt\stdio.h(1270): note: 参见“scanf”的声明
  3.h
c:\users\root\source\repos\test-project-c-\class2\class2\3.h(6): warning C4996: 'scanf': This function or variable may be unsafe. Consider using scanf_s instead. To disable deprecation, use _CRT_SECURE_NO_WARNINGS. See online help for details.
  c:\program files (x86)\windows kits\10\include\10.0.10240.0\ucrt\stdio.h(1270): note: 参见“scanf”的声明
  2.h
c:\users\root\source\repos\test-project-c-\class2\class2\2.h(6): warning C4996: 'scanf': This function or variable may be unsafe. Consider using scanf_s instead. To disable deprecation, use _CRT_SECURE_NO_WARNINGS. See online help for details.
  c:\program files (x86)\windows kits\10\include\10.0.10240.0\ucrt\stdio.h(1270): note: 参见“scanf”的声明
  正在生成代码...
  正在编译...
  1.h
  正在生成代码...
2.obj : error LNK2005: _main 已经在 1.obj 中定义
3.obj : error LNK2005: _main 已经在 1.obj 中定义
4.obj : error LNK2005: _main 已经在 1.obj 中定义
5.obj : error LNK2005: _main 已经在 1.obj 中定义
p1.obj : error LNK2005: _main 已经在 1.obj 中定义
C:\Users\root\Source\Repos\test-project-c-\class2\Debug\class2.exe : fatal error LNK1169: 找到一个或多个多重定义的符号
